[0mCompiling "resources/public/js/compiled/ui_cards_devcards.js" from ["src"]...[0m
[31mFailed to compile "resources/public/js/compiled/ui_cards_devcards.js" in 0.143 seconds.[0m
[36m----  Exception    ----[0m

  [1mNo ns form found in src/ui_cards/components/sample.cljs[0m

[36m----  Exception Stack Trace  ----[0m

java.lang.AssertionError: No ns form found in src/ui_cards/components/sample.cljs
 at cljs.analyzer$parse_ns$fn__2420.invoke (analyzer.cljc:3059)
    cljs.analyzer$parse_ns.invokeStatic (analyzer.cljc:3009)
    cljs.analyzer$parse_ns.invoke (analyzer.cljc:2991)
    cljs.analyzer$parse_ns.invokeStatic (analyzer.cljc:3001)
    cljs.analyzer$parse_ns.invoke (analyzer.cljc:2991)
    cljs.compiler$find_source.invokeStatic (compiler.cljc:1432)
    cljs.compiler$find_source.invoke (compiler.cljc:1431)
    clojure.core$map$fn__4785.invoke (core.clj:2646)
    clojure.lang.LazySeq.sval (LazySeq.java:40)
    clojure.lang.LazySeq.seq (LazySeq.java:56)
    clojure.lang.Cons.next (Cons.java:39)
    clojure.lang.RT.next (RT.java:688)
    clojure.core$next__4341.invokeStatic (core.clj:64)
    clojure.core$reduce1.invokeStatic (core.clj:925)
    clojure.core$set.invokeStatic (core.clj:3983)
    clojure.core$set.invoke (core.clj:3975)
    cljs.closure$add_dependency_sources.invokeStatic (closure.clj:798)
    cljs.closure$add_dependency_sources.invoke (closure.clj:792)
    cljs.closure$build.invokeStatic (closure.clj:1986)
    cljs.closure$build.invoke (closure.clj:1927)
    cljs.build.api$build.invokeStatic (api.clj:199)
    cljs.build.api$build.invoke (api.clj:187)
    figwheel_sidecar.components.cljs_autobuild$cljs_build.invokeStatic (cljs_autobuild.clj:28)
    figwheel_sidecar.components.cljs_autobuild$cljs_build.invoke (cljs_autobuild.clj:27)
    figwheel_sidecar.build_middleware.injection$hook$fn__24280.invoke (injection.clj:197)
    figwheel_sidecar.components.cljs_autobuild$notify_command_hook$fn__24644.invoke (cljs_autobuild.clj:68)
    figwheel_sidecar.components.cljs_autobuild$figwheel_start_and_end_messages$fn__24636.invoke (cljs_autobuild.clj:48)
    figwheel_sidecar.build_middleware.notifications$hook$fn__24505.invoke (notifications.clj:179)
    figwheel_sidecar.build_middleware.clj_reloading$hook$fn__24562.invoke (clj_reloading.clj:111)
    figwheel_sidecar.build_middleware.javascript_reloading$hook$fn__24595.invoke (javascript_reloading.clj:48)
    figwheel_sidecar.components.cljs_autobuild$color_output$fn__24648.invoke (cljs_autobuild.clj:79)
    figwheel_sidecar.components.cljs_autobuild$execute_build$fn__24689.invoke (cljs_autobuild.clj:231)
    figwheel_sidecar.utils$sync_exec$fn__2477$fn__2478.invoke (utils.clj:13)
    figwheel_sidecar.utils$sync_exec$fn__2477.invoke (utils.clj:12)
    clojure.core$binding_conveyor_fn$fn__4676.invoke (core.clj:1941)
    clojure.lang.AFn.applyToHelper (AFn.java:154)
    clojure.lang.RestFn.applyTo (RestFn.java:132)
    clojure.lang.Agent$Action.doRun (Agent.java:114)
    clojure.lang.Agent$Action.run (Agent.java:163)
    java.util.concurrent.ThreadPoolExecutor.runWorker (ThreadPoolExecutor.java:1128)
    java.util.concurrent.ThreadPoolExecutor$Worker.run (ThreadPoolExecutor.java:628)
    java.lang.Thread.run (Thread.java:829)

[0mCompiling "resources/public/js/compiled/ui_cards_devcards.js" from ["src"]...[0m
[31mFailed to compile "resources/public/js/compiled/ui_cards_devcards.js" in 0.64 seconds.[0m
[36m----  Could not Analyze  resources/public/js/compiled/devcards_out/reagent/impl/component.cljs  ----[0m

  [1mNo such namespace: react, could not locate react.cljs, react.cljc, or Closure namespace "react" [0m

[36m----  Analysis Error : Please see resources/public/js/compiled/devcards_out/reagent/impl/component.cljs  ----[0m
[0mCompiling "resources/public/js/compiled/ui_cards_devcards.js" from ["src"]...[0m
[31mFailed to compile "resources/public/js/compiled/ui_cards_devcards.js" in 0.228 seconds.[0m
[36m----  Could not Analyze  resources/public/js/compiled/devcards_out/reagent/impl/component.cljs  ----[0m

  [1mNo such namespace: react, could not locate react.cljs, react.cljc, or Closure namespace "react" [0m

[36m----  Analysis Error : Please see resources/public/js/compiled/devcards_out/reagent/impl/component.cljs  ----[0m
[0mCompiling "resources/public/js/compiled/ui_cards_devcards.js" from ["src"]...[0m
[31mFailed to compile "resources/public/js/compiled/ui_cards_devcards.js" in 0.193 seconds.[0m
[36m----  Could not Analyze  resources/public/js/compiled/devcards_out/reagent/impl/component.cljs  ----[0m

  [1mNo such namespace: react, could not locate react.cljs, react.cljc, or Closure namespace "react" [0m

[36m----  Analysis Error : Please see resources/public/js/compiled/devcards_out/reagent/impl/component.cljs  ----[0m
[0mCompiling "resources/public/js/compiled/ui_cards_devcards.js" from ["src"]...[0m
[31mFailed to compile "resources/public/js/compiled/ui_cards_devcards.js" in 0.189 seconds.[0m
[36m----  Could not Analyze  resources/public/js/compiled/devcards_out/reagent/impl/component.cljs  ----[0m

  [1mNo such namespace: react, could not locate react.cljs, react.cljc, or Closure namespace "react" [0m

[36m----  Analysis Error : Please see resources/public/js/compiled/devcards_out/reagent/impl/component.cljs  ----[0m
[0mCompiling "resources/public/js/compiled/ui_cards_devcards.js" from ["src"]...[0m
[31mFailed to compile "resources/public/js/compiled/ui_cards_devcards.js" in 0.187 seconds.[0m
[36m----  Could not Analyze  resources/public/js/compiled/devcards_out/reagent/impl/component.cljs  ----[0m

  [1mNo such namespace: react, could not locate react.cljs, react.cljc, or Closure namespace "react" [0m

[36m----  Analysis Error : Please see resources/public/js/compiled/devcards_out/reagent/impl/component.cljs  ----[0m
[0mCompiling "resources/public/js/compiled/ui_cards_devcards.js" from ["src"]...[0m
[31mFailed to compile "resources/public/js/compiled/ui_cards_devcards.js" in 0.187 seconds.[0m
[36m----  Could not Analyze  resources/public/js/compiled/devcards_out/reagent/impl/component.cljs  ----[0m

  [1mNo such namespace: react, could not locate react.cljs, react.cljc, or Closure namespace "react" [0m

[36m----  Analysis Error : Please see resources/public/js/compiled/devcards_out/reagent/impl/component.cljs  ----[0m
[0mCompiling "resources/public/js/compiled/ui_cards_devcards.js" from ["src"]...[0m
[31mFailed to compile "resources/public/js/compiled/ui_cards_devcards.js" in 0.207 seconds.[0m
[36m----  Could not Analyze  resources/public/js/compiled/devcards_out/reagent/impl/component.cljs  ----[0m

  [1mNo such namespace: react, could not locate react.cljs, react.cljc, or Closure namespace "react" [0m

[36m----  Analysis Error : Please see resources/public/js/compiled/devcards_out/reagent/impl/component.cljs  ----[0m
[0mCompiling "resources/public/js/compiled/ui_cards_devcards.js" from ["src"]...[0m
[31mFailed to compile "resources/public/js/compiled/ui_cards_devcards.js" in 0.201 seconds.[0m
[36m----  Could not Analyze  resources/public/js/compiled/devcards_out/reagent/impl/component.cljs  ----[0m

  [1mNo such namespace: react, could not locate react.cljs, react.cljc, or Closure namespace "react" [0m

[36m----  Analysis Error : Please see resources/public/js/compiled/devcards_out/reagent/impl/component.cljs  ----[0m
[0mCompiling "resources/public/js/compiled/ui_cards_devcards.js" from ["src"]...[0m
[31mFailed to compile "resources/public/js/compiled/ui_cards_devcards.js" in 0.196 seconds.[0m
[36m----  Could not Analyze  resources/public/js/compiled/devcards_out/reagent/impl/component.cljs  ----[0m

  [1mNo such namespace: react, could not locate react.cljs, react.cljc, or Closure namespace "react" [0m

[36m----  Analysis Error : Please see resources/public/js/compiled/devcards_out/reagent/impl/component.cljs  ----[0m
[0mCompiling "resources/public/js/compiled/ui_cards_devcards.js" from ["src"]...[0m
[31mFailed to compile "resources/public/js/compiled/ui_cards_devcards.js" in 0.2 seconds.[0m
[36m----  Could not Analyze  resources/public/js/compiled/devcards_out/reagent/impl/component.cljs  ----[0m

  [1mNo such namespace: react, could not locate react.cljs, react.cljc, or Closure namespace "react" [0m

[36m----  Analysis Error : Please see resources/public/js/compiled/devcards_out/reagent/impl/component.cljs  ----[0m
[0mCompiling "resources/public/js/compiled/ui_cards_devcards.js" from ["src"]...[0m
[36m----  Compiler Warning on   src/ui_cards/core.cljs   line:11  column:13  ----[0m

  [1mNo such namespace: sample, could not locate sample.cljs, sample.cljc, or Closure namespace ""[0m

  [36m 8[0m  [36m(enable-console-print!)[0m
  [36m 9[0m  [36m[0m
  [36m10[0m  [36m(defcard first-card[0m
  [33m11[0m  [1m  (sab/html sample/header))[0m
  [0m  [0m  [33m            ^--- No such namespace: sample, could not locate sample.cljs, sample.cljc, or Closure namespace ""[0m
  [36m12[0m  [36m[0m
  [36m13[0m  [36m(defn main [][0m
  [36m14[0m  [36m  ;; conditionally start the app based on whether the #main-app-area[0m
  [36m15[0m  [36m  ;; node is on the page[0m
  [36m16[0m  [36m  (if-let [node (.getElementById js/document "main-app-area")][0m

[36m----  Compiler Warning : Please see src/ui_cards/core.cljs  ----[0m
[36m----  Compiler Warning on   src/ui_cards/core.cljs   line:11  column:13  ----[0m

  [1mUse of undeclared Var sample/header[0m

  [36m 8[0m  [36m(enable-console-print!)[0m
  [36m 9[0m  [36m[0m
  [36m10[0m  [36m(defcard first-card[0m
  [33m11[0m  [1m  (sab/html sample/header))[0m
  [0m  [0m  [33m            ^--- Use of undeclared Var sample/header[0m
  [36m12[0m  [36m[0m
  [36m13[0m  [36m(defn main [][0m
  [36m14[0m  [36m  ;; conditionally start the app based on whether the #main-app-area[0m
  [36m15[0m  [36m  ;; node is on the page[0m
  [36m16[0m  [36m  (if-let [node (.getElementById js/document "main-app-area")][0m

[36m----  Compiler Warning : Please see src/ui_cards/core.cljs  ----[0m
[32mSuccessfully compiled "resources/public/js/compiled/ui_cards_devcards.js" in 0.423 seconds.[0m
notifying browser that file changed:  resources/public/js/compiled/devcards_out/goog/deps.js
notifying browser that file changed:  resources/public/js/compiled/devcards_out/cljs_deps.js
notifying browser that file changed:  resources/public/js/compiled/devcards_out/ui_cards/core.js
[0mCompiling "resources/public/js/compiled/ui_cards_devcards.js" from ["src"]...[0m
[31mFailed to compile "resources/public/js/compiled/ui_cards_devcards.js" in 0.233 seconds.[0m
[36m----  Could not Analyze  resources/public/js/compiled/devcards_out/reagent/impl/component.cljs  ----[0m

  [1mNo such namespace: react, could not locate react.cljs, react.cljc, or Closure namespace "react" [0m

[36m----  Analysis Error : Please see resources/public/js/compiled/devcards_out/reagent/impl/component.cljs  ----[0m
[0mCompiling "resources/public/js/compiled/ui_cards_devcards.js" from ["src"]...[0m
[31mFailed to compile "resources/public/js/compiled/ui_cards_devcards.js" in 0.131 seconds.[0m
[36m----  Exception    ----[0m

  [1mNo ns form found in src/ui_cards/components/header.cljs[0m

[36m----  Exception Stack Trace  ----[0m

java.lang.AssertionError: No ns form found in src/ui_cards/components/header.cljs
 at cljs.analyzer$parse_ns$fn__2420.invoke (analyzer.cljc:3059)
    cljs.analyzer$parse_ns.invokeStatic (analyzer.cljc:3009)
    cljs.analyzer$parse_ns.invoke (analyzer.cljc:2991)
    cljs.analyzer$parse_ns.invokeStatic (analyzer.cljc:3001)
    cljs.analyzer$parse_ns.invoke (analyzer.cljc:2991)
    cljs.compiler$find_source.invokeStatic (compiler.cljc:1432)
    cljs.compiler$find_source.invoke (compiler.cljc:1431)
    clojure.core$map$fn__4785.invoke (core.clj:2646)
    clojure.lang.LazySeq.sval (LazySeq.java:40)
    clojure.lang.LazySeq.seq (LazySeq.java:56)
    clojure.lang.Cons.next (Cons.java:39)
    clojure.lang.RT.next (RT.java:688)
    clojure.core$next__4341.invokeStatic (core.clj:64)
    clojure.core$reduce1.invokeStatic (core.clj:925)
    clojure.core$set.invokeStatic (core.clj:3983)
    clojure.core$set.invoke (core.clj:3975)
    cljs.closure$add_dependency_sources.invokeStatic (closure.clj:798)
    cljs.closure$add_dependency_sources.invoke (closure.clj:792)
    cljs.closure$build.invokeStatic (closure.clj:1986)
    cljs.closure$build.invoke (closure.clj:1927)
    cljs.build.api$build.invokeStatic (api.clj:199)
    cljs.build.api$build.invoke (api.clj:187)
    figwheel_sidecar.components.cljs_autobuild$cljs_build.invokeStatic (cljs_autobuild.clj:28)
    figwheel_sidecar.components.cljs_autobuild$cljs_build.invoke (cljs_autobuild.clj:27)
    figwheel_sidecar.build_middleware.injection$hook$fn__23966.invoke (injection.clj:197)
    figwheel_sidecar.components.cljs_autobuild$notify_command_hook$fn__24330.invoke (cljs_autobuild.clj:68)
    figwheel_sidecar.components.cljs_autobuild$figwheel_start_and_end_messages$fn__24322.invoke (cljs_autobuild.clj:48)
    figwheel_sidecar.build_middleware.notifications$hook$fn__24191.invoke (notifications.clj:179)
    figwheel_sidecar.build_middleware.clj_reloading$hook$fn__24248.invoke (clj_reloading.clj:111)
    figwheel_sidecar.build_middleware.javascript_reloading$hook$fn__24281.invoke (javascript_reloading.clj:48)
    figwheel_sidecar.components.cljs_autobuild$color_output$fn__24334.invoke (cljs_autobuild.clj:79)
    figwheel_sidecar.components.cljs_autobuild$execute_build$fn__24375.invoke (cljs_autobuild.clj:231)
    figwheel_sidecar.utils$sync_exec$fn__2477$fn__2478.invoke (utils.clj:13)
    figwheel_sidecar.utils$sync_exec$fn__2477.invoke (utils.clj:12)
    clojure.core$binding_conveyor_fn$fn__4676.invoke (core.clj:1941)
    clojure.lang.AFn.applyToHelper (AFn.java:154)
    clojure.lang.RestFn.applyTo (RestFn.java:132)
    clojure.lang.Agent$Action.doRun (Agent.java:114)
    clojure.lang.Agent$Action.run (Agent.java:163)
    java.util.concurrent.ThreadPoolExecutor.runWorker (ThreadPoolExecutor.java:1128)
    java.util.concurrent.ThreadPoolExecutor$Worker.run (ThreadPoolExecutor.java:628)
    java.lang.Thread.run (Thread.java:829)

[0mCompiling "resources/public/js/compiled/ui_cards_devcards.js" from ["src"]...[0m
[32mSuccessfully compiled "resources/public/js/compiled/ui_cards_devcards.js" in 0.238 seconds.[0m
notifying browser that file changed:  resources/public/js/compiled/devcards_out/goog/deps.js
notifying browser that file changed:  resources/public/js/compiled/devcards_out/cljs_deps.js
notifying browser that file changed:  resources/public/js/compiled/devcards_out/ui_cards/components/header.js
[0mCompiling "resources/public/js/compiled/ui_cards_devcards.js" from ["src"]...[0m
[32mSuccessfully compiled "resources/public/js/compiled/ui_cards_devcards.js" in 0.262 seconds.[0m
notifying browser that file changed:  resources/public/js/compiled/devcards_out/ui_cards/components/header.js
[0mCompiling "resources/public/js/compiled/ui_cards_devcards.js" from ["src"]...[0m
[32mSuccessfully compiled "resources/public/js/compiled/ui_cards_devcards.js" in 0.221 seconds.[0m
notifying browser that file changed:  resources/public/js/compiled/devcards_out/ui_cards/components/header.js
[0mCompiling "resources/public/js/compiled/ui_cards_devcards.js" from ["src"]...[0m
[31mFailed to compile "resources/public/js/compiled/ui_cards_devcards.js" in 0.201 seconds.[0m
[36m----  Could not Analyze  src/ui_cards/core.cljs   line:17  column:3  ----[0m

  [1mWrong number of args (0) passed to: core/html[0m

  [36m16[0m  [36m(defcard header-card[0m
  [33m17[0m  [1m  (sab/html ))[0m
  [0m  [0m  [33m  ^--- Wrong number of args (0) passed to: core/html[0m
  [36m18[0m  [36m[0m
  [36m19[0m  [36m(defn main [][0m
  [36m20[0m  [36m  ;; conditionally start the app based on whether the #main-app-area[0m

[36m----  Analysis Error : Please see src/ui_cards/core.cljs  ----[0m
[0mCompiling "resources/public/js/compiled/ui_cards_devcards.js" from ["src"]...[0m
[32mSuccessfully compiled "resources/public/js/compiled/ui_cards_devcards.js" in 0.227 seconds.[0m
notifying browser that file changed:  resources/public/js/compiled/devcards_out/cljs_deps.js
notifying browser that file changed:  resources/public/js/compiled/devcards_out/ui_cards/core.js
